ARM GAS  C:\Users\Javis\AppData\Local\Temp\cce3QuBS.s 			page 1


   1              		.cpu cortex-m3
   2              		.eabi_attribute 20, 1
   3              		.eabi_attribute 21, 1
   4              		.eabi_attribute 23, 3
   5              		.eabi_attribute 24, 1
   6              		.eabi_attribute 25, 1
   7              		.eabi_attribute 26, 1
   8              		.eabi_attribute 30, 1
   9              		.eabi_attribute 34, 1
  10              		.eabi_attribute 18, 4
  11              		.file	"gpio.c"
  12              		.text
  13              	.Ltext0:
  14              		.cfi_sections	.debug_frame
  15              		.section	.text.MX_GPIO_Init,"ax",%progbits
  16              		.align	1
  17              		.global	MX_GPIO_Init
  18              		.arch armv7-m
  19              		.syntax unified
  20              		.thumb
  21              		.thumb_func
  22              		.fpu softvfp
  24              	MX_GPIO_Init:
  25              	.LFB65:
  26              		.file 1 "Src/gpio.c"
   1:Src/gpio.c    **** /**
   2:Src/gpio.c    ****   ******************************************************************************
   3:Src/gpio.c    ****   * File Name          : gpio.c
   4:Src/gpio.c    ****   * Description        : This file provides code for the configuration
   5:Src/gpio.c    ****   *                      of all used GPIO pins.
   6:Src/gpio.c    ****   ******************************************************************************
   7:Src/gpio.c    ****   * @attention
   8:Src/gpio.c    ****   *
   9:Src/gpio.c    ****   * <h2><center>&copy; Copyright (c) 2020 STMicroelectronics.
  10:Src/gpio.c    ****   * All rights reserved.</center></h2>
  11:Src/gpio.c    ****   *
  12:Src/gpio.c    ****   * This software component is licensed by ST under BSD 3-Clause license,
  13:Src/gpio.c    ****   * the "License"; You may not use this file except in compliance with the
  14:Src/gpio.c    ****   * License. You may obtain a copy of the License at:
  15:Src/gpio.c    ****   *                        opensource.org/licenses/BSD-3-Clause
  16:Src/gpio.c    ****   *
  17:Src/gpio.c    ****   ******************************************************************************
  18:Src/gpio.c    ****   */
  19:Src/gpio.c    **** 
  20:Src/gpio.c    **** /* Includes ------------------------------------------------------------------*/
  21:Src/gpio.c    **** #include "gpio.h"
  22:Src/gpio.c    **** /* USER CODE BEGIN 0 */
  23:Src/gpio.c    **** 
  24:Src/gpio.c    **** /* USER CODE END 0 */
  25:Src/gpio.c    **** 
  26:Src/gpio.c    **** /*----------------------------------------------------------------------------*/
  27:Src/gpio.c    **** /* Configure GPIO                                                             */
  28:Src/gpio.c    **** /*----------------------------------------------------------------------------*/
  29:Src/gpio.c    **** /* USER CODE BEGIN 1 */
  30:Src/gpio.c    **** 
  31:Src/gpio.c    **** /* USER CODE END 1 */
  32:Src/gpio.c    **** 
ARM GAS  C:\Users\Javis\AppData\Local\Temp\cce3QuBS.s 			page 2


  33:Src/gpio.c    **** /** Configure pins as 
  34:Src/gpio.c    ****         * Analog 
  35:Src/gpio.c    ****         * Input 
  36:Src/gpio.c    ****         * Output
  37:Src/gpio.c    ****         * EVENT_OUT
  38:Src/gpio.c    ****         * EXTI
  39:Src/gpio.c    **** */
  40:Src/gpio.c    **** void MX_GPIO_Init(void)
  41:Src/gpio.c    **** {
  27              		.loc 1 41 1 view -0
  28              		.cfi_startproc
  29              		@ args = 0, pretend = 0, frame = 24
  30              		@ frame_needed = 0, uses_anonymous_args = 0
  31 0000 30B5     		push	{r4, r5, lr}
  32              	.LCFI0:
  33              		.cfi_def_cfa_offset 12
  34              		.cfi_offset 4, -12
  35              		.cfi_offset 5, -8
  36              		.cfi_offset 14, -4
  37 0002 87B0     		sub	sp, sp, #28
  38              	.LCFI1:
  39              		.cfi_def_cfa_offset 40
  42:Src/gpio.c    **** 
  43:Src/gpio.c    ****   GPIO_InitTypeDef GPIO_InitStruct = {0};
  40              		.loc 1 43 3 view .LVU1
  41              		.loc 1 43 20 is_stmt 0 view .LVU2
  42 0004 0024     		movs	r4, #0
  43 0006 0294     		str	r4, [sp, #8]
  44 0008 0394     		str	r4, [sp, #12]
  45 000a 0494     		str	r4, [sp, #16]
  46 000c 0594     		str	r4, [sp, #20]
  44:Src/gpio.c    **** 
  45:Src/gpio.c    ****   /* GPIO Ports Clock Enable */
  46:Src/gpio.c    ****   __HAL_RCC_GPIOA_CLK_ENABLE();
  47              		.loc 1 46 3 is_stmt 1 view .LVU3
  48              	.LBB2:
  49              		.loc 1 46 3 view .LVU4
  50              		.loc 1 46 3 view .LVU5
  51 000e 164B     		ldr	r3, .L3
  52 0010 9A69     		ldr	r2, [r3, #24]
  53 0012 42F00402 		orr	r2, r2, #4
  54 0016 9A61     		str	r2, [r3, #24]
  55              		.loc 1 46 3 view .LVU6
  56 0018 9A69     		ldr	r2, [r3, #24]
  57 001a 02F00402 		and	r2, r2, #4
  58 001e 0092     		str	r2, [sp]
  59              		.loc 1 46 3 view .LVU7
  60 0020 009A     		ldr	r2, [sp]
  61              	.LBE2:
  62              		.loc 1 46 3 view .LVU8
  47:Src/gpio.c    ****   __HAL_RCC_GPIOB_CLK_ENABLE();
  63              		.loc 1 47 3 view .LVU9
  64              	.LBB3:
  65              		.loc 1 47 3 view .LVU10
  66              		.loc 1 47 3 view .LVU11
  67 0022 9A69     		ldr	r2, [r3, #24]
  68 0024 42F00802 		orr	r2, r2, #8
ARM GAS  C:\Users\Javis\AppData\Local\Temp\cce3QuBS.s 			page 3


  69 0028 9A61     		str	r2, [r3, #24]
  70              		.loc 1 47 3 view .LVU12
  71 002a 9B69     		ldr	r3, [r3, #24]
  72 002c 03F00803 		and	r3, r3, #8
  73 0030 0193     		str	r3, [sp, #4]
  74              		.loc 1 47 3 view .LVU13
  75 0032 019B     		ldr	r3, [sp, #4]
  76              	.LBE3:
  77              		.loc 1 47 3 view .LVU14
  48:Src/gpio.c    **** 
  49:Src/gpio.c    ****   /*Configure GPIO pin Output Level */
  50:Src/gpio.c    ****   HAL_GPIO_WritePin(LED0_GPIO_Port, LED0_Pin, GPIO_PIN_SET);
  78              		.loc 1 50 3 view .LVU15
  79 0034 0D4D     		ldr	r5, .L3+4
  80 0036 0122     		movs	r2, #1
  81 0038 2021     		movs	r1, #32
  82 003a 2846     		mov	r0, r5
  83 003c FFF7FEFF 		bl	HAL_GPIO_WritePin
  84              	.LVL0:
  51:Src/gpio.c    **** 
  52:Src/gpio.c    ****   /*Configure GPIO pin Output Level */
  53:Src/gpio.c    ****   HAL_GPIO_WritePin(DS18B20_IO_GPIO_Port, DS18B20_IO_Pin, GPIO_PIN_RESET);
  85              		.loc 1 53 3 view .LVU16
  86 0040 2246     		mov	r2, r4
  87 0042 4FF48071 		mov	r1, #256
  88 0046 2846     		mov	r0, r5
  89 0048 FFF7FEFF 		bl	HAL_GPIO_WritePin
  90              	.LVL1:
  54:Src/gpio.c    **** 
  55:Src/gpio.c    ****   /*Configure GPIO pins : PBPin PBPin */
  56:Src/gpio.c    ****   GPIO_InitStruct.Pin = LED0_Pin|DS18B20_IO_Pin;
  91              		.loc 1 56 3 view .LVU17
  92              		.loc 1 56 23 is_stmt 0 view .LVU18
  93 004c 4FF49073 		mov	r3, #288
  94 0050 0293     		str	r3, [sp, #8]
  57:Src/gpio.c    ****   GPIO_InitStruct.Mode = GPIO_MODE_OUTPUT_PP;
  95              		.loc 1 57 3 is_stmt 1 view .LVU19
  96              		.loc 1 57 24 is_stmt 0 view .LVU20
  97 0052 0123     		movs	r3, #1
  98 0054 0393     		str	r3, [sp, #12]
  58:Src/gpio.c    ****   GPIO_InitStruct.Pull = GPIO_PULLUP;
  99              		.loc 1 58 3 is_stmt 1 view .LVU21
 100              		.loc 1 58 24 is_stmt 0 view .LVU22
 101 0056 0493     		str	r3, [sp, #16]
  59:Src/gpio.c    ****   GPIO_InitStruct.Speed = GPIO_SPEED_FREQ_LOW;
 102              		.loc 1 59 3 is_stmt 1 view .LVU23
 103              		.loc 1 59 25 is_stmt 0 view .LVU24
 104 0058 0223     		movs	r3, #2
 105 005a 0593     		str	r3, [sp, #20]
  60:Src/gpio.c    ****   HAL_GPIO_Init(GPIOB, &GPIO_InitStruct);
 106              		.loc 1 60 3 is_stmt 1 view .LVU25
 107 005c 02A9     		add	r1, sp, #8
 108 005e 2846     		mov	r0, r5
 109 0060 FFF7FEFF 		bl	HAL_GPIO_Init
 110              	.LVL2:
  61:Src/gpio.c    **** 
  62:Src/gpio.c    **** }
ARM GAS  C:\Users\Javis\AppData\Local\Temp\cce3QuBS.s 			page 4


 111              		.loc 1 62 1 is_stmt 0 view .LVU26
 112 0064 07B0     		add	sp, sp, #28
 113              	.LCFI2:
 114              		.cfi_def_cfa_offset 12
 115              		@ sp needed
 116 0066 30BD     		pop	{r4, r5, pc}
 117              	.L4:
 118              		.align	2
 119              	.L3:
 120 0068 00100240 		.word	1073876992
 121 006c 000C0140 		.word	1073810432
 122              		.cfi_endproc
 123              	.LFE65:
 125              		.text
 126              	.Letext0:
 127              		.file 2 "d:\\armgcc\\9 2020-q2-update\\arm-none-eabi\\include\\machine\\_default_types.h"
 128              		.file 3 "d:\\armgcc\\9 2020-q2-update\\arm-none-eabi\\include\\sys\\_stdint.h"
 129              		.file 4 "Drivers/CMSIS/Include/core_cm3.h"
 130              		.file 5 "Drivers/CMSIS/Device/ST/STM32F1xx/Include/system_stm32f1xx.h"
 131              		.file 6 "Drivers/CMSIS/Device/ST/STM32F1xx/Include/stm32f103xe.h"
 132              		.file 7 "Drivers/STM32F1xx_HAL_Driver/Inc/stm32f1xx_hal_gpio.h"
 133              		.file 8 "Drivers/STM32F1xx_HAL_Driver/Inc/stm32f1xx_hal.h"
ARM GAS  C:\Users\Javis\AppData\Local\Temp\cce3QuBS.s 			page 5


DEFINED SYMBOLS
                            *ABS*:00000000 gpio.c
C:\Users\Javis\AppData\Local\Temp\cce3QuBS.s:16     .text.MX_GPIO_Init:00000000 $t
C:\Users\Javis\AppData\Local\Temp\cce3QuBS.s:24     .text.MX_GPIO_Init:00000000 MX_GPIO_Init
C:\Users\Javis\AppData\Local\Temp\cce3QuBS.s:120    .text.MX_GPIO_Init:00000068 $d

UNDEFINED SYMBOLS
HAL_GPIO_WritePin
HAL_GPIO_Init
